[INFO] Scanning for projects...
[INFO] 
[INFO] ------------< com.contabilidad.unapec:backend-contabilidad >------------
[INFO] Building  0.0.1-SNAPSHOT
[INFO]   from pom.xml
[INFO] --------------------------------[ jar ]---------------------------------
[INFO] 
[INFO] >>> spring-boot:4.0.3:run (default-cli) > test-compile @ backend-contabilidad >>>
[INFO] 
[INFO] --- resources:3.3.1:resources (default-resources) @ backend-contabilidad ---
[INFO] Copying 1 resource from src\main\resources to target\classes
[INFO] Copying 0 resource from src\main\resources to target\classes
[INFO] 
[INFO] --- compiler:3.14.1:compile (default-compile) @ backend-contabilidad ---
[INFO] Nothing to compile - all classes are up to date.
[INFO] 
[INFO] --- resources:3.3.1:testResources (default-testResources) @ backend-contabilidad ---
[INFO] skip non existing resourceDirectory C:\Users\AG_Ro\Desktop\Contabilidad\backend-contabilidad\src\test\resources
[INFO] 
[INFO] --- compiler:3.14.1:testCompile (default-testCompile) @ backend-contabilidad ---
[INFO] Nothing to compile - all classes are up to date.
[INFO] 
[INFO] <<< spring-boot:4.0.3:run (default-cli) < test-compile @ backend-contabilidad <<<
[INFO] 
[INFO] 
[INFO] --- spring-boot:4.0.3:run (default-cli) @ backend-contabilidad ---
[INFO] Attaching agents: []

  .   ____          _            __ _ _
 /\\ / ___'_ __ _ _(_)_ __  __ _ \ \ \ \
( ( )\___ | '_ | '_| | '_ \/ _` | \ \ \ \
 \\/  ___)| |_)| | | | | || (_| |  ) ) ) )
  '  |____| .__|_| |_|_| |_\__, | / / / /
 =========|_|==============|___/=/_/_/_/

 :: Spring Boot ::                (v4.0.3)

2026-03-17T11:20:24.677-04:00  INFO 29228 --- [           main] c.c.u.backend_contabilidad.Application   : Starting Application using Java 21.0.8 with PID 29228 (C:\Users\AG_Ro\Desktop\Contabilidad\backend-contabilidad\target\classes started by AG_Ro in C:\Users\AG_Ro\Desktop\Contabilidad\backend-contabilidad)
2026-03-17T11:20:24.679-04:00  INFO 29228 --- [           main] c.c.u.backend_contabilidad.Application   : No active profile set, falling back to 1 default profile: "default"
2026-03-17T11:20:25.094-04:00  INFO 29228 --- [           main] .s.d.r.c.RepositoryConfigurationDelegate : Bootstrapping Spring Data JPA repositories in DEFAULT mode.
2026-03-17T11:20:25.132-04:00  INFO 29228 --- [           main] .s.d.r.c.RepositoryConfigurationDelegate : Finished Spring Data repository scanning in 32 ms. Found 6 JPA repository interfaces.
2026-03-17T11:20:25.383-04:00  INFO 29228 --- [           main] o.s.boot.tomcat.TomcatWebServer          : Tomcat initialized with port 8080 (http)
2026-03-17T11:20:25.393-04:00  INFO 29228 --- [           main] o.apache.catalina.core.StandardService   : Starting service [Tomcat]
2026-03-17T11:20:25.393-04:00  INFO 29228 --- [           main] o.apache.catalina.core.StandardEngine    : Starting Servlet engine: [Apache Tomcat/11.0.18]
2026-03-17T11:20:25.443-04:00  INFO 29228 --- [           main] b.w.c.s.WebApplicationContextInitializer : Root WebApplicationContext: initialization completed in 738 ms
2026-03-17T11:20:25.545-04:00  INFO 29228 --- [           main] org.hibernate.orm.jpa                    : HHH008540: Processing PersistenceUnitInfo [name: default]
2026-03-17T11:20:25.579-04:00  INFO 29228 --- [           main] org.hibernate.orm.core                   : HHH000001: Hibernate ORM core version 7.2.4.Final
2026-03-17T11:20:25.863-04:00  INFO 29228 --- [           main] o.s.o.j.p.SpringPersistenceUnitInfo      : No LoadTimeWeaver setup: ignoring JPA class transformer
2026-03-17T11:20:25.879-04:00  INFO 29228 --- [           main] com.zaxxer.hikari.HikariDataSource       : HikariPool-1 - Starting...
2026-03-17T11:20:25.987-04:00  INFO 29228 --- [           main] com.zaxxer.hikari.pool.HikariPool        : HikariPool-1 - Added connection org.postgresql.jdbc.PgConnection@71316cd7
2026-03-17T11:20:25.988-04:00  INFO 29228 --- [           main] com.zaxxer.hikari.HikariDataSource       : HikariPool-1 - Start completed.
2026-03-17T11:20:26.014-04:00  WARN 29228 --- [           main] org.hibernate.orm.deprecation            : HHH90000025: PostgreSQLDialect does not need to be specified explicitly using 'hibernate.dialect' (remove the property setting and it will be selected by default)
2026-03-17T11:20:26.030-04:00  INFO 29228 --- [           main] org.hibernate.orm.connections.pooling    : HHH10001005: Database info:
	Database JDBC URL [jdbc:postgresql://localhost:5434/contabilidad_db]
	Database driver: PostgreSQL JDBC Driver
	Database dialect: PostgreSQLDialect
	Database version: 18.3
	Default catalog/schema: contabilidad_db/public
	Autocommit mode: undefined/unknown
	Isolation level: READ_COMMITTED [default READ_COMMITTED]
	JDBC fetch size: none
	Pool: DataSourceConnectionProvider
	Minimum pool size: undefined/unknown
	Maximum pool size: undefined/unknown
2026-03-17T11:20:26.680-04:00  INFO 29228 --- [           main] org.hibernate.orm.core                   : HHH000489: No JTA platform available (set 'hibernate.transaction.jta.platform' to enable JTA platform integration)
2026-03-17T11:20:26.965-04:00  INFO 29228 --- [           main] j.LocalContainerEntityManagerFactoryBean : Initialized JPA EntityManagerFactory for persistence unit 'default'
2026-03-17T11:20:27.022-04:00  INFO 29228 --- [           main] o.s.d.j.r.query.QueryEnhancerFactories   : Hibernate is in classpath; If applicable, HQL parser will be used.
2026-03-17T11:20:27.666-04:00  WARN 29228 --- [           main] JpaBaseConfiguration$JpaWebConfiguration : spring.jpa.open-in-view is enabled by default. Therefore, database queries may be performed during view rendering. Explicitly configure spring.jpa.open-in-view to disable this warning
2026-03-17T11:20:27.905-04:00  INFO 29228 --- [           main] o.s.boot.tomcat.TomcatWebServer          : Tomcat started on port 8080 (http) with context path '/'
2026-03-17T11:20:27.908-04:00  INFO 29228 --- [           main] c.c.u.backend_contabilidad.Application   : Started Application in 3.492 seconds (process running for 3.73)
2026-03-17T11:21:47.793-04:00  INFO 29228 --- [nio-8080-exec-1] o.a.c.c.C.[Tomcat].[localhost].[/]       : Initializing Spring DispatcherServlet 'dispatcherServlet'
2026-03-17T11:21:47.793-04:00  INFO 29228 --- [nio-8080-exec-1] o.s.web.servlet.DispatcherServlet        : Initializing Servlet 'dispatcherServlet'
2026-03-17T11:21:47.793-04:00  INFO 29228 --- [nio-8080-exec-1] o.s.web.servlet.DispatcherServlet        : Completed initialization in 0 ms
Hibernate: 
    select
        m1_0.id,
        m1_0.codigo_iso,
        m1_0.descripcion,
        m1_0.estado,
        m1_0.fecha_creacion,
        m1_0.nombre,
        m1_0.tasa_cambio 
    from
        monedas_t m1_0
Hibernate: 
    select
        m1_0.id,
        m1_0.codigo_iso,
        m1_0.descripcion,
        m1_0.estado,
        m1_0.fecha_creacion,
        m1_0.nombre,
        m1_0.tasa_cambio 
    from
        monedas_t m1_0 
    where
        m1_0.id=?
Hibernate: 
    update
        monedas_t 
    set
        codigo_iso=?,
        descripcion=?,
        estado=?,
        nombre=?,
        tasa_cambio=? 
    where
        id=?
Hibernate: 
    select
        m1_0.id,
        m1_0.codigo_iso,
        m1_0.descripcion,
        m1_0.estado,
        m1_0.fecha_creacion,
        m1_0.nombre,
        m1_0.tasa_cambio 
    from
        monedas_t m1_0
Hibernate: 
    select
        m1_0.id,
        m1_0.codigo_iso,
        m1_0.descripcion,
        m1_0.estado,
        m1_0.fecha_creacion,
        m1_0.nombre,
        m1_0.tasa_cambio 
    from
        monedas_t m1_0
Hibernate: 
    select
        m1_0.id,
        m1_0.codigo_iso,
        m1_0.descripcion,
        m1_0.estado,
        m1_0.fecha_creacion,
        m1_0.nombre,
        m1_0.tasa_cambio 
    from
        monedas_t m1_0
Hibernate: 
    select
        m1_0.id,
        m1_0.codigo_iso,
        m1_0.descripcion,
        m1_0.estado,
        m1_0.fecha_creacion,
        m1_0.nombre,
        m1_0.tasa_cambio 
    from
        monedas_t m1_0
Hibernate: 
    select
        m1_0.id,
        m1_0.codigo_iso,
        m1_0.descripcion,
        m1_0.estado,
        m1_0.fecha_creacion,
        m1_0.nombre,
        m1_0.tasa_cambio 
    from
        monedas_t m1_0
Hibernate: 
    select
        m1_0.id,
        m1_0.codigo_iso,
        m1_0.descripcion,
        m1_0.estado,
        m1_0.fecha_creacion,
        m1_0.nombre,
        m1_0.tasa_cambio 
    from
        monedas_t m1_0
Hibernate: 
    select
        m1_0.id,
        m1_0.codigo_iso,
        m1_0.descripcion,
        m1_0.estado,
        m1_0.fecha_creacion,
        m1_0.nombre,
        m1_0.tasa_cambio 
    from
        monedas_t m1_0
Hibernate: 
    select
        m1_0.id,
        m1_0.codigo_iso,
        m1_0.descripcion,
        m1_0.estado,
        m1_0.fecha_creacion,
        m1_0.nombre,
        m1_0.tasa_cambio 
    from
        monedas_t m1_0
Hibernate: 
    select
        m1_0.id,
        m1_0.codigo_iso,
        m1_0.descripcion,
        m1_0.estado,
        m1_0.fecha_creacion,
        m1_0.nombre,
        m1_0.tasa_cambio 
    from
        monedas_t m1_0
Hibernate: 
    select
        m1_0.id,
        m1_0.codigo_iso,
        m1_0.descripcion,
        m1_0.estado,
        m1_0.fecha_creacion,
        m1_0.nombre,
        m1_0.tasa_cambio 
    from
        monedas_t m1_0
Hibernate: 
    select
        m1_0.id,
        m1_0.codigo_iso,
        m1_0.descripcion,
        m1_0.estado,
        m1_0.fecha_creacion,
        m1_0.nombre,
        m1_0.tasa_cambio 
    from
        monedas_t m1_0
Hibernate: 
    select
        m1_0.id,
        m1_0.codigo_iso,
        m1_0.descripcion,
        m1_0.estado,
        m1_0.fecha_creacion,
        m1_0.nombre,
        m1_0.tasa_cambio 
    from
        monedas_t m1_0
Hibernate: 
    select
        a1_0.id,
        a1_0.descripcion,
        a1_0.estado,
        a1_0.nombre 
    from
        auxiliares_t a1_0
Hibernate: 
    select
        a1_0.id,
        a1_0.descripcion,
        a1_0.estado,
        a1_0.nombre 
    from
        auxiliares_t a1_0
Hibernate: 
    select
        tc1_0.id,
        tc1_0.descripcion,
        tc1_0.estado,
        tc1_0.nombre,
        tc1_0.origen 
    from
        tipos_cuenta_t tc1_0
Hibernate: 
    select
        tc1_0.id,
        tc1_0.descripcion,
        tc1_0.estado,
        tc1_0.nombre,
        tc1_0.origen 
    from
        tipos_cuenta_t tc1_0
Hibernate: 
    select
        cc1_0.id,
        cc1_0.balance,
        cc1_0.codigo,
        cc1_0.cuenta_mayor_id,
        cc1_0.descripcion,
        cc1_0.estado,
        cc1_0.nivel,
        cc1_0.nombre,
        cc1_0.permite_movimiento,
        cc1_0.tipo_id 
    from
        cuentas_contables_t cc1_0
Hibernate: 
    select
        tc1_0.id,
        tc1_0.descripcion,
        tc1_0.estado,
        tc1_0.nombre,
        tc1_0.origen 
    from
        tipos_cuenta_t tc1_0 
    where
        tc1_0.id=?
Hibernate: 
    select
        cc1_0.id,
        cc1_0.balance,
        cc1_0.codigo,
        cc1_0.cuenta_mayor_id,
        cc1_0.descripcion,
        cc1_0.estado,
        cc1_0.nivel,
        cc1_0.nombre,
        cc1_0.permite_movimiento,
        cc1_0.tipo_id 
    from
        cuentas_contables_t cc1_0
Hibernate: 
    select
        tc1_0.id,
        tc1_0.descripcion,
        tc1_0.estado,
        tc1_0.nombre,
        tc1_0.origen 
    from
        tipos_cuenta_t tc1_0 
    where
        tc1_0.id=?
Hibernate: 
    select
        a1_0.id,
        a1_0.auxiliar_id,
        a1_0.descripcion,
        a1_0.estado,
        a1_0.fecha_asiento,
        a1_0.monto_total 
    from
        asientos_t a1_0
Hibernate: 
    select
        cc1_0.id,
        cc1_0.balance,
        cc1_0.codigo,
        cc1_0.cuenta_mayor_id,
        cc1_0.descripcion,
        cc1_0.estado,
        cc1_0.nivel,
        cc1_0.nombre,
        cc1_0.permite_movimiento,
        cc1_0.tipo_id 
    from
        cuentas_contables_t cc1_0
Hibernate: 
    select
        tc1_0.id,
        tc1_0.descripcion,
        tc1_0.estado,
        tc1_0.nombre,
        tc1_0.origen 
    from
        tipos_cuenta_t tc1_0 
    where
        tc1_0.id=?
Hibernate: 
    select
        d1_0.asiento_id,
        d1_0.id,
        d1_0.cuenta_id,
        c1_0.id,
        c1_0.balance,
        c1_0.codigo,
        cm1_0.id,
        cm1_0.balance,
        cm1_0.codigo,
        cm1_0.cuenta_mayor_id,
        cm1_0.descripcion,
        cm1_0.estado,
        cm1_0.nivel,
        cm1_0.nombre,
        cm1_0.permite_movimiento,
        t1_0.id,
        t1_0.descripcion,
        t1_0.estado,
        t1_0.nombre,
        t1_0.origen,
        c1_0.descripcion,
        c1_0.estado,
        c1_0.nivel,
        c1_0.nombre,
        c1_0.permite_movimiento,
        t2_0.id,
        t2_0.descripcion,
        t2_0.estado,
        t2_0.nombre,
        t2_0.origen,
        d1_0.monto,
        d1_0.tipo_movimiento 
    from
        asientos_detalle_t d1_0 
    left join
        cuentas_contables_t c1_0 
            on c1_0.id=d1_0.cuenta_id 
    left join
        cuentas_contables_t cm1_0 
            on cm1_0.id=c1_0.cuenta_mayor_id 
    left join
        tipos_cuenta_t t1_0 
            on t1_0.id=cm1_0.tipo_id 
    left join
        tipos_cuenta_t t2_0 
            on t2_0.id=c1_0.tipo_id 
    where
        d1_0.asiento_id=?
Hibernate: 
    select
        cc1_0.id,
        cc1_0.balance,
        cc1_0.codigo,
        cc1_0.cuenta_mayor_id,
        cc1_0.descripcion,
        cc1_0.estado,
        cc1_0.nivel,
        cc1_0.nombre,
        cc1_0.permite_movimiento,
        cc1_0.tipo_id 
    from
        cuentas_contables_t cc1_0
Hibernate: 
    select
        tc1_0.id,
        tc1_0.descripcion,
        tc1_0.estado,
        tc1_0.nombre,
        tc1_0.origen 
    from
        tipos_cuenta_t tc1_0 
    where
        tc1_0.id=?
Hibernate: 
    select
        a1_0.id,
        a1_0.auxiliar_id,
        a1_0.descripcion,
        a1_0.estado,
        a1_0.fecha_asiento,
        a1_0.monto_total 
    from
        asientos_t a1_0
Hibernate: 
    select
        d1_0.asiento_id,
        d1_0.id,
        d1_0.cuenta_id,
        c1_0.id,
        c1_0.balance,
        c1_0.codigo,
        cm1_0.id,
        cm1_0.balance,
        cm1_0.codigo,
        cm1_0.cuenta_mayor_id,
        cm1_0.descripcion,
        cm1_0.estado,
        cm1_0.nivel,
        cm1_0.nombre,
        cm1_0.permite_movimiento,
        t1_0.id,
        t1_0.descripcion,
        t1_0.estado,
        t1_0.nombre,
        t1_0.origen,
        c1_0.descripcion,
        c1_0.estado,
        c1_0.nivel,
        c1_0.nombre,
        c1_0.permite_movimiento,
        t2_0.id,
        t2_0.descripcion,
        t2_0.estado,
        t2_0.nombre,
        t2_0.origen,
        d1_0.monto,
        d1_0.tipo_movimiento 
    from
        asientos_detalle_t d1_0 
    left join
        cuentas_contables_t c1_0 
            on c1_0.id=d1_0.cuenta_id 
    left join
        cuentas_contables_t cm1_0 
            on cm1_0.id=c1_0.cuenta_mayor_id 
    left join
        tipos_cuenta_t t1_0 
            on t1_0.id=cm1_0.tipo_id 
    left join
        tipos_cuenta_t t2_0 
            on t2_0.id=c1_0.tipo_id 
    where
        d1_0.asiento_id=?
Hibernate: 
    select
        a1_0.id,
        a1_0.auxiliar_id,
        a1_0.descripcion,
        a1_0.estado,
        a1_0.fecha_asiento,
        a1_0.monto_total 
    from
        asientos_t a1_0
Hibernate: 
    select
        cc1_0.id,
        cc1_0.balance,
        cc1_0.codigo,
        cc1_0.cuenta_mayor_id,
        cc1_0.descripcion,
        cc1_0.estado,
        cc1_0.nivel,
        cc1_0.nombre,
        cc1_0.permite_movimiento,
        cc1_0.tipo_id 
    from
        cuentas_contables_t cc1_0
Hibernate: 
    select
        tc1_0.id,
        tc1_0.descripcion,
        tc1_0.estado,
        tc1_0.nombre,
        tc1_0.origen 
    from
        tipos_cuenta_t tc1_0 
    where
        tc1_0.id=?
Hibernate: 
    select
        d1_0.asiento_id,
        d1_0.id,
        d1_0.cuenta_id,
        c1_0.id,
        c1_0.balance,
        c1_0.codigo,
        cm1_0.id,
        cm1_0.balance,
        cm1_0.codigo,
        cm1_0.cuenta_mayor_id,
        cm1_0.descripcion,
        cm1_0.estado,
        cm1_0.nivel,
        cm1_0.nombre,
        cm1_0.permite_movimiento,
        t1_0.id,
        t1_0.descripcion,
        t1_0.estado,
        t1_0.nombre,
        t1_0.origen,
        c1_0.descripcion,
        c1_0.estado,
        c1_0.nivel,
        c1_0.nombre,
        c1_0.permite_movimiento,
        t2_0.id,
        t2_0.descripcion,
        t2_0.estado,
        t2_0.nombre,
        t2_0.origen,
        d1_0.monto,
        d1_0.tipo_movimiento 
    from
        asientos_detalle_t d1_0 
    left join
        cuentas_contables_t c1_0 
            on c1_0.id=d1_0.cuenta_id 
    left join
        cuentas_contables_t cm1_0 
            on cm1_0.id=c1_0.cuenta_mayor_id 
    left join
        tipos_cuenta_t t1_0 
            on t1_0.id=cm1_0.tipo_id 
    left join
        tipos_cuenta_t t2_0 
            on t2_0.id=c1_0.tipo_id 
    where
        d1_0.asiento_id=?
Hibernate: 
    select
        cc1_0.id,
        cc1_0.balance,
        cc1_0.codigo,
        cc1_0.cuenta_mayor_id,
        cc1_0.descripcion,
        cc1_0.estado,
        cc1_0.nivel,
        cc1_0.nombre,
        cc1_0.permite_movimiento,
        cc1_0.tipo_id 
    from
        cuentas_contables_t cc1_0
Hibernate: 
    select
        tc1_0.id,
        tc1_0.descripcion,
        tc1_0.estado,
        tc1_0.nombre,
        tc1_0.origen 
    from
        tipos_cuenta_t tc1_0 
    where
        tc1_0.id=?
Hibernate: 
    select
        a1_0.id,
        a1_0.auxiliar_id,
        a1_0.descripcion,
        a1_0.estado,
        a1_0.fecha_asiento,
        a1_0.monto_total 
    from
        asientos_t a1_0
Hibernate: 
    select
        d1_0.asiento_id,
        d1_0.id,
        d1_0.cuenta_id,
        c1_0.id,
        c1_0.balance,
        c1_0.codigo,
        cm1_0.id,
        cm1_0.balance,
        cm1_0.codigo,
        cm1_0.cuenta_mayor_id,
        cm1_0.descripcion,
        cm1_0.estado,
        cm1_0.nivel,
        cm1_0.nombre,
        cm1_0.permite_movimiento,
        t1_0.id,
        t1_0.descripcion,
        t1_0.estado,
        t1_0.nombre,
        t1_0.origen,
        c1_0.descripcion,
        c1_0.estado,
        c1_0.nivel,
        c1_0.nombre,
        c1_0.permite_movimiento,
        t2_0.id,
        t2_0.descripcion,
        t2_0.estado,
        t2_0.nombre,
        t2_0.origen,
        d1_0.monto,
        d1_0.tipo_movimiento 
    from
        asientos_detalle_t d1_0 
    left join
        cuentas_contables_t c1_0 
            on c1_0.id=d1_0.cuenta_id 
    left join
        cuentas_contables_t cm1_0 
            on cm1_0.id=c1_0.cuenta_mayor_id 
    left join
        tipos_cuenta_t t1_0 
            on t1_0.id=cm1_0.tipo_id 
    left join
        tipos_cuenta_t t2_0 
            on t2_0.id=c1_0.tipo_id 
    where
        d1_0.asiento_id=?
Hibernate: 
    select
        a1_0.id,
        a1_0.auxiliar_id,
        a1_0.descripcion,
        a1_0.estado,
        a1_0.fecha_asiento,
        a1_0.monto_total 
    from
        asientos_t a1_0
Hibernate: 
    select
        cc1_0.id,
        cc1_0.balance,
        cc1_0.codigo,
        cc1_0.cuenta_mayor_id,
        cc1_0.descripcion,
        cc1_0.estado,
        cc1_0.nivel,
        cc1_0.nombre,
        cc1_0.permite_movimiento,
        cc1_0.tipo_id 
    from
        cuentas_contables_t cc1_0
Hibernate: 
    select
        tc1_0.id,
        tc1_0.descripcion,
        tc1_0.estado,
        tc1_0.nombre,
        tc1_0.origen 
    from
        tipos_cuenta_t tc1_0 
    where
        tc1_0.id=?
Hibernate: 
    select
        d1_0.asiento_id,
        d1_0.id,
        d1_0.cuenta_id,
        c1_0.id,
        c1_0.balance,
        c1_0.codigo,
        cm1_0.id,
        cm1_0.balance,
        cm1_0.codigo,
        cm1_0.cuenta_mayor_id,
        cm1_0.descripcion,
        cm1_0.estado,
        cm1_0.nivel,
        cm1_0.nombre,
        cm1_0.permite_movimiento,
        t1_0.id,
        t1_0.descripcion,
        t1_0.estado,
        t1_0.nombre,
        t1_0.origen,
        c1_0.descripcion,
        c1_0.estado,
        c1_0.nivel,
        c1_0.nombre,
        c1_0.permite_movimiento,
        t2_0.id,
        t2_0.descripcion,
        t2_0.estado,
        t2_0.nombre,
        t2_0.origen,
        d1_0.monto,
        d1_0.tipo_movimiento 
    from
        asientos_detalle_t d1_0 
    left join
        cuentas_contables_t c1_0 
            on c1_0.id=d1_0.cuenta_id 
    left join
        cuentas_contables_t cm1_0 
            on cm1_0.id=c1_0.cuenta_mayor_id 
    left join
        tipos_cuenta_t t1_0 
            on t1_0.id=cm1_0.tipo_id 
    left join
        tipos_cuenta_t t2_0 
            on t2_0.id=c1_0.tipo_id 
    where
        d1_0.asiento_id=?
Hibernate: 
    select
        a1_0.id,
        a1_0.auxiliar_id,
        a1_0.descripcion,
        a1_0.estado,
        a1_0.fecha_asiento,
        a1_0.monto_total 
    from
        asientos_t a1_0
Hibernate: 
    select
        d1_0.asiento_id,
        d1_0.id,
        d1_0.cuenta_id,
        c1_0.id,
        c1_0.balance,
        c1_0.codigo,
        cm1_0.id,
        cm1_0.balance,
        cm1_0.codigo,
        cm1_0.cuenta_mayor_id,
        cm1_0.descripcion,
        cm1_0.estado,
        cm1_0.nivel,
        cm1_0.nombre,
        cm1_0.permite_movimiento,
        t1_0.id,
        t1_0.descripcion,
        t1_0.estado,
        t1_0.nombre,
        t1_0.origen,
        c1_0.descripcion,
        c1_0.estado,
        c1_0.nivel,
        c1_0.nombre,
        c1_0.permite_movimiento,
        t2_0.id,
        t2_0.descripcion,
        t2_0.estado,
        t2_0.nombre,
        t2_0.origen,
        d1_0.monto,
        d1_0.tipo_movimiento 
    from
        asientos_detalle_t d1_0 
    left join
        cuentas_contables_t c1_0 
            on c1_0.id=d1_0.cuenta_id 
    left join
        cuentas_contables_t cm1_0 
            on cm1_0.id=c1_0.cuenta_mayor_id 
    left join
        tipos_cuenta_t t1_0 
            on t1_0.id=cm1_0.tipo_id 
    left join
        tipos_cuenta_t t2_0 
            on t2_0.id=c1_0.tipo_id 
    where
        d1_0.asiento_id=?
Hibernate: 
    select
        cc1_0.id,
        cc1_0.balance,
        cc1_0.codigo,
        cc1_0.cuenta_mayor_id,
        cc1_0.descripcion,
        cc1_0.estado,
        cc1_0.nivel,
        cc1_0.nombre,
        cc1_0.permite_movimiento,
        cc1_0.tipo_id 
    from
        cuentas_contables_t cc1_0
Hibernate: 
    select
        tc1_0.id,
        tc1_0.descripcion,
        tc1_0.estado,
        tc1_0.nombre,
        tc1_0.origen 
    from
        tipos_cuenta_t tc1_0 
    where
        tc1_0.id=?
Hibernate: 
    select
        a1_0.id,
        a1_0.auxiliar_id,
        a1_0.descripcion,
        a1_0.estado,
        a1_0.fecha_asiento,
        a1_0.monto_total 
    from
        asientos_t a1_0
Hibernate: 
    select
        d1_0.asiento_id,
        d1_0.id,
        d1_0.cuenta_id,
        c1_0.id,
        c1_0.balance,
        c1_0.codigo,
        cm1_0.id,
        cm1_0.balance,
        cm1_0.codigo,
        cm1_0.cuenta_mayor_id,
        cm1_0.descripcion,
        cm1_0.estado,
        cm1_0.nivel,
        cm1_0.nombre,
        cm1_0.permite_movimiento,
        t1_0.id,
        t1_0.descripcion,
        t1_0.estado,
        t1_0.nombre,
        t1_0.origen,
        c1_0.descripcion,
        c1_0.estado,
        c1_0.nivel,
        c1_0.nombre,
        c1_0.permite_movimiento,
        t2_0.id,
        t2_0.descripcion,
        t2_0.estado,
        t2_0.nombre,
        t2_0.origen,
        d1_0.monto,
        d1_0.tipo_movimiento 
    from
        asientos_detalle_t d1_0 
    left join
        cuentas_contables_t c1_0 
            on c1_0.id=d1_0.cuenta_id 
    left join
        cuentas_contables_t cm1_0 
            on cm1_0.id=c1_0.cuenta_mayor_id 
    left join
        tipos_cuenta_t t1_0 
            on t1_0.id=cm1_0.tipo_id 
    left join
        tipos_cuenta_t t2_0 
            on t2_0.id=c1_0.tipo_id 
    where
        d1_0.asiento_id=?
Hibernate: 
    select
        cc1_0.id,
        cc1_0.balance,
        cc1_0.codigo,
        cc1_0.cuenta_mayor_id,
        cc1_0.descripcion,
        cc1_0.estado,
        cc1_0.nivel,
        cc1_0.nombre,
        cc1_0.permite_movimiento,
        cc1_0.tipo_id 
    from
        cuentas_contables_t cc1_0
Hibernate: 
    select
        tc1_0.id,
        tc1_0.descripcion,
        tc1_0.estado,
        tc1_0.nombre,
        tc1_0.origen 
    from
        tipos_cuenta_t tc1_0 
    where
        tc1_0.id=?
Hibernate: 
    select
        cc1_0.id,
        cc1_0.balance,
        cc1_0.codigo,
        cc1_0.cuenta_mayor_id,
        cc1_0.descripcion,
        cc1_0.estado,
        cc1_0.nivel,
        cc1_0.nombre,
        cc1_0.permite_movimiento,
        cc1_0.tipo_id 
    from
        cuentas_contables_t cc1_0
Hibernate: 
    select
        tc1_0.id,
        tc1_0.descripcion,
        tc1_0.estado,
        tc1_0.nombre,
        tc1_0.origen 
    from
        tipos_cuenta_t tc1_0 
    where
        tc1_0.id=?
Hibernate: 
    select
        cc1_0.id,
        cc1_0.balance,
        cc1_0.codigo,
        cc1_0.cuenta_mayor_id,
        cc1_0.descripcion,
        cc1_0.estado,
        cc1_0.nivel,
        cc1_0.nombre,
        cc1_0.permite_movimiento,
        cc1_0.tipo_id 
    from
        cuentas_contables_t cc1_0
Hibernate: 
    select
        tc1_0.id,
        tc1_0.descripcion,
        tc1_0.estado,
        tc1_0.nombre,
        tc1_0.origen 
    from
        tipos_cuenta_t tc1_0 
    where
        tc1_0.id=?
Hibernate: 
    insert 
    into
        cuentas_contables_t
        (balance, codigo, cuenta_mayor_id, descripcion, estado, nivel, nombre, permite_movimiento, tipo_id) 
    values
        (?, ?, ?, ?, ?, ?, ?, ?, ?)
Hibernate: 
    select
        cc1_0.id,
        cc1_0.balance,
        cc1_0.codigo,
        cm1_0.id,
        cm1_0.balance,
        cm1_0.codigo,
        cm1_0.cuenta_mayor_id,
        cm1_0.descripcion,
        cm1_0.estado,
        cm1_0.nivel,
        cm1_0.nombre,
        cm1_0.permite_movimiento,
        t1_0.id,
        t1_0.descripcion,
        t1_0.estado,
        t1_0.nombre,
        t1_0.origen,
        cc1_0.descripcion,
        cc1_0.estado,
        cc1_0.nivel,
        cc1_0.nombre,
        cc1_0.permite_movimiento,
        t2_0.id,
        t2_0.descripcion,
        t2_0.estado,
        t2_0.nombre,
        t2_0.origen 
    from
        cuentas_contables_t cc1_0 
    left join
        cuentas_contables_t cm1_0 
            on cm1_0.id=cc1_0.cuenta_mayor_id 
    left join
        tipos_cuenta_t t1_0 
            on t1_0.id=cm1_0.tipo_id 
    left join
        tipos_cuenta_t t2_0 
            on t2_0.id=cc1_0.tipo_id 
    where
        cc1_0.id=?
Hibernate: 
    update
        cuentas_contables_t 
    set
        balance=?,
        codigo=?,
        cuenta_mayor_id=?,
        descripcion=?,
        estado=?,
        nivel=?,
        nombre=?,
        permite_movimiento=?,
        tipo_id=? 
    where
        id=?
Hibernate: 
    select
        cc1_0.id,
        cc1_0.balance,
        cc1_0.codigo,
        cc1_0.cuenta_mayor_id,
        cc1_0.descripcion,
        cc1_0.estado,
        cc1_0.nivel,
        cc1_0.nombre,
        cc1_0.permite_movimiento,
        cc1_0.tipo_id 
    from
        cuentas_contables_t cc1_0
Hibernate: 
    select
        tc1_0.id,
        tc1_0.descripcion,
        tc1_0.estado,
        tc1_0.nombre,
        tc1_0.origen 
    from
        tipos_cuenta_t tc1_0 
    where
        tc1_0.id=?
Hibernate: 
    select
        m1_0.id,
        m1_0.codigo_iso,
        m1_0.descripcion,
        m1_0.estado,
        m1_0.fecha_creacion,
        m1_0.nombre,
        m1_0.tasa_cambio 
    from
        monedas_t m1_0
Hibernate: 
    select
        m1_0.id,
        m1_0.codigo_iso,
        m1_0.descripcion,
        m1_0.estado,
        m1_0.fecha_creacion,
        m1_0.nombre,
        m1_0.tasa_cambio 
    from
        monedas_t m1_0
Hibernate: 
    select
        m1_0.id,
        m1_0.codigo_iso,
        m1_0.descripcion,
        m1_0.estado,
        m1_0.fecha_creacion,
        m1_0.nombre,
        m1_0.tasa_cambio 
    from
        monedas_t m1_0
Hibernate: 
    select
        m1_0.id,
        m1_0.codigo_iso,
        m1_0.descripcion,
        m1_0.estado,
        m1_0.fecha_creacion,
        m1_0.nombre,
        m1_0.tasa_cambio 
    from
        monedas_t m1_0
Hibernate: 
    insert 
    into
        monedas_t
        (codigo_iso, descripcion, estado, fecha_creacion, nombre, tasa_cambio) 
    values
        (?, ?, ?, ?, ?, ?)
Hibernate: 
    select
        m1_0.id,
        m1_0.codigo_iso,
        m1_0.descripcion,
        m1_0.estado,
        m1_0.fecha_creacion,
        m1_0.nombre,
        m1_0.tasa_cambio 
    from
        monedas_t m1_0
Hibernate: 
    select
        m1_0.id,
        m1_0.codigo_iso,
        m1_0.descripcion,
        m1_0.estado,
        m1_0.fecha_creacion,
        m1_0.nombre,
        m1_0.tasa_cambio 
    from
        monedas_t m1_0 
    where
        m1_0.id=?
Hibernate: 
    update
        monedas_t 
    set
        codigo_iso=?,
        descripcion=?,
        estado=?,
        nombre=?,
        tasa_cambio=? 
    where
        id=?
Hibernate: 
    select
        cc1_0.id,
        cc1_0.balance,
        cc1_0.codigo,
        cc1_0.cuenta_mayor_id,
        cc1_0.descripcion,
        cc1_0.estado,
        cc1_0.nivel,
        cc1_0.nombre,
        cc1_0.permite_movimiento,
        cc1_0.tipo_id 
    from
        cuentas_contables_t cc1_0
Hibernate: 
    select
        tc1_0.id,
        tc1_0.descripcion,
        tc1_0.estado,
        tc1_0.nombre,
        tc1_0.origen 
    from
        tipos_cuenta_t tc1_0 
    where
        tc1_0.id=?
Hibernate: 
    select
        cc1_0.id,
        cc1_0.balance,
        cc1_0.codigo,
        cc1_0.cuenta_mayor_id,
        cc1_0.descripcion,
        cc1_0.estado,
        cc1_0.nivel,
        cc1_0.nombre,
        cc1_0.permite_movimiento,
        cc1_0.tipo_id 
    from
        cuentas_contables_t cc1_0
Hibernate: 
    select
        tc1_0.id,
        tc1_0.descripcion,
        tc1_0.estado,
        tc1_0.nombre,
        tc1_0.origen 
    from
        tipos_cuenta_t tc1_0 
    where
        tc1_0.id=?
Hibernate: 
    select
        tc1_0.id,
        tc1_0.descripcion,
        tc1_0.estado,
        tc1_0.nombre,
        tc1_0.origen 
    from
        tipos_cuenta_t tc1_0
Hibernate: 
    select
        tc1_0.id,
        tc1_0.descripcion,
        tc1_0.estado,
        tc1_0.nombre,
        tc1_0.origen 
    from
        tipos_cuenta_t tc1_0
Hibernate: 
    select
        a1_0.id,
        a1_0.auxiliar_id,
        a1_0.descripcion,
        a1_0.estado,
        a1_0.fecha_asiento,
        a1_0.monto_total 
    from
        asientos_t a1_0
Hibernate: 
    select
        cc1_0.id,
        cc1_0.balance,
        cc1_0.codigo,
        cc1_0.cuenta_mayor_id,
        cc1_0.descripcion,
        cc1_0.estado,
        cc1_0.nivel,
        cc1_0.nombre,
        cc1_0.permite_movimiento,
        cc1_0.tipo_id 
    from
        cuentas_contables_t cc1_0
Hibernate: 
    select
        tc1_0.id,
        tc1_0.descripcion,
        tc1_0.estado,
        tc1_0.nombre,
        tc1_0.origen 
    from
        tipos_cuenta_t tc1_0 
    where
        tc1_0.id=?
Hibernate: 
    select
        cc1_0.id,
        cc1_0.balance,
        cc1_0.codigo,
        cc1_0.cuenta_mayor_id,
        cc1_0.descripcion,
        cc1_0.estado,
        cc1_0.nivel,
        cc1_0.nombre,
        cc1_0.permite_movimiento,
        cc1_0.tipo_id 
    from
        cuentas_contables_t cc1_0
Hibernate: 
    select
        tc1_0.id,
        tc1_0.descripcion,
        tc1_0.estado,
        tc1_0.nombre,
        tc1_0.origen 
    from
        tipos_cuenta_t tc1_0 
    where
        tc1_0.id=?
Hibernate: 
    select
        d1_0.asiento_id,
        d1_0.id,
        d1_0.cuenta_id,
        c1_0.id,
        c1_0.balance,
        c1_0.codigo,
        cm1_0.id,
        cm1_0.balance,
        cm1_0.codigo,
        cm1_0.cuenta_mayor_id,
        cm1_0.descripcion,
        cm1_0.estado,
        cm1_0.nivel,
        cm1_0.nombre,
        cm1_0.permite_movimiento,
        t1_0.id,
        t1_0.descripcion,
        t1_0.estado,
        t1_0.nombre,
        t1_0.origen,
        c1_0.descripcion,
        c1_0.estado,
        c1_0.nivel,
        c1_0.nombre,
        c1_0.permite_movimiento,
        t2_0.id,
        t2_0.descripcion,
        t2_0.estado,
        t2_0.nombre,
        t2_0.origen,
        d1_0.monto,
        d1_0.tipo_movimiento 
    from
        asientos_detalle_t d1_0 
    left join
        cuentas_contables_t c1_0 
            on c1_0.id=d1_0.cuenta_id 
    left join
        cuentas_contables_t cm1_0 
            on cm1_0.id=c1_0.cuenta_mayor_id 
    left join
        tipos_cuenta_t t1_0 
            on t1_0.id=cm1_0.tipo_id 
    left join
        tipos_cuenta_t t2_0 
            on t2_0.id=c1_0.tipo_id 
    where
        d1_0.asiento_id=?
Hibernate: 
    select
        a1_0.id,
        a1_0.auxiliar_id,
        a1_0.descripcion,
        a1_0.estado,
        a1_0.fecha_asiento,
        a1_0.monto_total 
    from
        asientos_t a1_0
Hibernate: 
    select
        d1_0.asiento_id,
        d1_0.id,
        d1_0.cuenta_id,
        c1_0.id,
        c1_0.balance,
        c1_0.codigo,
        cm1_0.id,
        cm1_0.balance,
        cm1_0.codigo,
        cm1_0.cuenta_mayor_id,
        cm1_0.descripcion,
        cm1_0.estado,
        cm1_0.nivel,
        cm1_0.nombre,
        cm1_0.permite_movimiento,
        t1_0.id,
        t1_0.descripcion,
        t1_0.estado,
        t1_0.nombre,
        t1_0.origen,
        c1_0.descripcion,
        c1_0.estado,
        c1_0.nivel,
        c1_0.nombre,
        c1_0.permite_movimiento,
        t2_0.id,
        t2_0.descripcion,
        t2_0.estado,
        t2_0.nombre,
        t2_0.origen,
        d1_0.monto,
        d1_0.tipo_movimiento 
    from
        asientos_detalle_t d1_0 
    left join
        cuentas_contables_t c1_0 
            on c1_0.id=d1_0.cuenta_id 
    left join
        cuentas_contables_t cm1_0 
            on cm1_0.id=c1_0.cuenta_mayor_id 
    left join
        tipos_cuenta_t t1_0 
            on t1_0.id=cm1_0.tipo_id 
    left join
        tipos_cuenta_t t2_0 
            on t2_0.id=c1_0.tipo_id 
    where
        d1_0.asiento_id=?
Hibernate: 
    select
        cc1_0.id,
        cc1_0.balance,
        cc1_0.codigo,
        cc1_0.cuenta_mayor_id,
        cc1_0.descripcion,
        cc1_0.estado,
        cc1_0.nivel,
        cc1_0.nombre,
        cc1_0.permite_movimiento,
        cc1_0.tipo_id 
    from
        cuentas_contables_t cc1_0
Hibernate: 
    select
        tc1_0.id,
        tc1_0.descripcion,
        tc1_0.estado,
        tc1_0.nombre,
        tc1_0.origen 
    from
        tipos_cuenta_t tc1_0 
    where
        tc1_0.id=?
Hibernate: 
    select
        a1_0.id,
        a1_0.auxiliar_id,
        a1_0.descripcion,
        a1_0.estado,
        a1_0.fecha_asiento,
        a1_0.monto_total 
    from
        asientos_t a1_0
Hibernate: 
    select
        d1_0.asiento_id,
        d1_0.id,
        d1_0.cuenta_id,
        c1_0.id,
        c1_0.balance,
        c1_0.codigo,
        cm1_0.id,
        cm1_0.balance,
        cm1_0.codigo,
        cm1_0.cuenta_mayor_id,
        cm1_0.descripcion,
        cm1_0.estado,
        cm1_0.nivel,
        cm1_0.nombre,
        cm1_0.permite_movimiento,
        t1_0.id,
        t1_0.descripcion,
        t1_0.estado,
        t1_0.nombre,
        t1_0.origen,
        c1_0.descripcion,
        c1_0.estado,
        c1_0.nivel,
        c1_0.nombre,
        c1_0.permite_movimiento,
        t2_0.id,
        t2_0.descripcion,
        t2_0.estado,
        t2_0.nombre,
        t2_0.origen,
        d1_0.monto,
        d1_0.tipo_movimiento 
    from
        asientos_detalle_t d1_0 
    left join
        cuentas_contables_t c1_0 
            on c1_0.id=d1_0.cuenta_id 
    left join
        cuentas_contables_t cm1_0 
            on cm1_0.id=c1_0.cuenta_mayor_id 
    left join
        tipos_cuenta_t t1_0 
            on t1_0.id=cm1_0.tipo_id 
    left join
        tipos_cuenta_t t2_0 
            on t2_0.id=c1_0.tipo_id 
    where
        d1_0.asiento_id=?
Hibernate: 
    select
        cc1_0.id,
        cc1_0.balance,
        cc1_0.codigo,
        cc1_0.cuenta_mayor_id,
        cc1_0.descripcion,
        cc1_0.estado,
        cc1_0.nivel,
        cc1_0.nombre,
        cc1_0.permite_movimiento,
        cc1_0.tipo_id 
    from
        cuentas_contables_t cc1_0
Hibernate: 
    select
        tc1_0.id,
        tc1_0.descripcion,
        tc1_0.estado,
        tc1_0.nombre,
        tc1_0.origen 
    from
        tipos_cuenta_t tc1_0 
    where
        tc1_0.id=?
Hibernate: 
    select
        a1_0.id,
        a1_0.auxiliar_id,
        a1_0.descripcion,
        a1_0.estado,
        a1_0.fecha_asiento,
        a1_0.monto_total 
    from
        asientos_t a1_0
Hibernate: 
    select
        d1_0.asiento_id,
        d1_0.id,
        d1_0.cuenta_id,
        c1_0.id,
        c1_0.balance,
        c1_0.codigo,
        cm1_0.id,
        cm1_0.balance,
        cm1_0.codigo,
        cm1_0.cuenta_mayor_id,
        cm1_0.descripcion,
        cm1_0.estado,
        cm1_0.nivel,
        cm1_0.nombre,
        cm1_0.permite_movimiento,
        t1_0.id,
        t1_0.descripcion,
        t1_0.estado,
        t1_0.nombre,
        t1_0.origen,
        c1_0.descripcion,
        c1_0.estado,
        c1_0.nivel,
        c1_0.nombre,
        c1_0.permite_movimiento,
        t2_0.id,
        t2_0.descripcion,
        t2_0.estado,
        t2_0.nombre,
        t2_0.origen,
        d1_0.monto,
        d1_0.tipo_movimiento 
    from
        asientos_detalle_t d1_0 
    left join
        cuentas_contables_t c1_0 
            on c1_0.id=d1_0.cuenta_id 
    left join
        cuentas_contables_t cm1_0 
            on cm1_0.id=c1_0.cuenta_mayor_id 
    left join
        tipos_cuenta_t t1_0 
            on t1_0.id=cm1_0.tipo_id 
    left join
        tipos_cuenta_t t2_0 
            on t2_0.id=c1_0.tipo_id 
    where
        d1_0.asiento_id=?
Hibernate: 
    select
        a1_0.id,
        a1_0.descripcion,
        a1_0.estado,
        a1_0.nombre 
    from
        auxiliares_t a1_0
Hibernate: 
    select
        a1_0.id,
        a1_0.descripcion,
        a1_0.estado,
        a1_0.nombre 
    from
        auxiliares_t a1_0
Hibernate: 
    select
        m1_0.id,
        m1_0.codigo_iso,
        m1_0.descripcion,
        m1_0.estado,
        m1_0.fecha_creacion,
        m1_0.nombre,
        m1_0.tasa_cambio 
    from
        monedas_t m1_0
Hibernate: 
    select
        m1_0.id,
        m1_0.codigo_iso,
        m1_0.descripcion,
        m1_0.estado,
        m1_0.fecha_creacion,
        m1_0.nombre,
        m1_0.tasa_cambio 
    from
        monedas_t m1_0
Hibernate: 
    select
        m1_0.id,
        m1_0.codigo_iso,
        m1_0.descripcion,
        m1_0.estado,
        m1_0.fecha_creacion,
        m1_0.nombre,
        m1_0.tasa_cambio 
    from
        monedas_t m1_0
Hibernate: 
    select
        m1_0.id,
        m1_0.codigo_iso,
        m1_0.descripcion,
        m1_0.estado,
        m1_0.fecha_creacion,
        m1_0.nombre,
        m1_0.tasa_cambio 
    from
        monedas_t m1_0
Hibernate: 
    select
        m1_0.id,
        m1_0.codigo_iso,
        m1_0.descripcion,
        m1_0.estado,
        m1_0.fecha_creacion,
        m1_0.nombre,
        m1_0.tasa_cambio 
    from
        monedas_t m1_0
Hibernate: 
    select
        m1_0.id,
        m1_0.codigo_iso,
        m1_0.descripcion,
        m1_0.estado,
        m1_0.fecha_creacion,
        m1_0.nombre,
        m1_0.tasa_cambio 
    from
        monedas_t m1_0
Hibernate: 
    select
        m1_0.id,
        m1_0.codigo_iso,
        m1_0.descripcion,
        m1_0.estado,
        m1_0.fecha_creacion,
        m1_0.nombre,
        m1_0.tasa_cambio 
    from
        monedas_t m1_0
Hibernate: 
    select
        m1_0.id,
        m1_0.codigo_iso,
        m1_0.descripcion,
        m1_0.estado,
        m1_0.fecha_creacion,
        m1_0.nombre,
        m1_0.tasa_cambio 
    from
        monedas_t m1_0
Hibernate: 
    select
        m1_0.id,
        m1_0.codigo_iso,
        m1_0.descripcion,
        m1_0.estado,
        m1_0.fecha_creacion,
        m1_0.nombre,
        m1_0.tasa_cambio 
    from
        monedas_t m1_0
Hibernate: 
    select
        m1_0.id,
        m1_0.codigo_iso,
        m1_0.descripcion,
        m1_0.estado,
        m1_0.fecha_creacion,
        m1_0.nombre,
        m1_0.tasa_cambio 
    from
        monedas_t m1_0
Hibernate: 
    select
        a1_0.id,
        a1_0.descripcion,
        a1_0.estado,
        a1_0.nombre 
    from
        auxiliares_t a1_0
Hibernate: 
    select
        a1_0.id,
        a1_0.descripcion,
        a1_0.estado,
        a1_0.nombre 
    from
        auxiliares_t a1_0
Hibernate: 
    select
        tc1_0.id,
        tc1_0.descripcion,
        tc1_0.estado,
        tc1_0.nombre,
        tc1_0.origen 
    from
        tipos_cuenta_t tc1_0
Hibernate: 
    select
        tc1_0.id,
        tc1_0.descripcion,
        tc1_0.estado,
        tc1_0.nombre,
        tc1_0.origen 
    from
        tipos_cuenta_t tc1_0
2026-03-17T13:10:06.370-04:00  INFO 29228 --- [nio-8080-exec-4] o.springdoc.api.AbstractOpenApiResource  : Init duration for springdoc-openapi is: 457 ms
Hibernate: 
    select
        m1_0.id,
        m1_0.codigo_iso,
        m1_0.descripcion,
        m1_0.estado,
        m1_0.fecha_creacion,
        m1_0.nombre,
        m1_0.tasa_cambio 
    from
        monedas_t m1_0
Hibernate: 
    select
        m1_0.id,
        m1_0.codigo_iso,
        m1_0.descripcion,
        m1_0.estado,
        m1_0.fecha_creacion,
        m1_0.nombre,
        m1_0.tasa_cambio 
    from
        monedas_t m1_0
Hibernate: 
    select
        tc1_0.id,
        tc1_0.descripcion,
        tc1_0.estado,
        tc1_0.nombre,
        tc1_0.origen 
    from
        tipos_cuenta_t tc1_0
Hibernate: 
    select
        tc1_0.id,
        tc1_0.descripcion,
        tc1_0.estado,
        tc1_0.nombre,
        tc1_0.origen 
    from
        tipos_cuenta_t tc1_0
Hibernate: 
    insert 
    into
        tipos_cuenta_t
        (descripcion, estado, nombre, origen) 
    values
        (?, ?, ?, ?)
Hibernate: 
    select
        tc1_0.id,
        tc1_0.descripcion,
        tc1_0.estado,
        tc1_0.nombre,
        tc1_0.origen 
    from
        tipos_cuenta_t tc1_0 
    where
        tc1_0.id=?
Hibernate: 
    delete 
    from
        tipos_cuenta_t 
    where
        id=?
Hibernate: 
    select
        a1_0.id,
        a1_0.descripcion,
        a1_0.estado,
        a1_0.nombre 
    from
        auxiliares_t a1_0
Hibernate: 
    select
        a1_0.id,
        a1_0.descripcion,
        a1_0.estado,
        a1_0.nombre 
    from
        auxiliares_t a1_0
Hibernate: 
    select
        coalesce(max(a1_0.id), 0) 
    from
        auxiliares_t a1_0
Hibernate: 
    select
        a1_0.id,
        a1_0.descripcion,
        a1_0.estado,
        a1_0.nombre 
    from
        auxiliares_t a1_0 
    where
        a1_0.id=?
Hibernate: 
    insert 
    into
        auxiliares_t
        (descripcion, estado, nombre, id) 
    values
        (?, ?, ?, ?)
Hibernate: 
    select
        a1_0.id,
        a1_0.descripcion,
        a1_0.estado,
        a1_0.nombre 
    from
        auxiliares_t a1_0 
    where
        a1_0.id=?
Hibernate: 
    delete 
    from
        auxiliares_t 
    where
        id=?
Hibernate: 
    select
        cc1_0.id,
        cc1_0.balance,
        cc1_0.codigo,
        cc1_0.cuenta_mayor_id,
        cc1_0.descripcion,
        cc1_0.estado,
        cc1_0.nivel,
        cc1_0.nombre,
        cc1_0.permite_movimiento,
        cc1_0.tipo_id 
    from
        cuentas_contables_t cc1_0
Hibernate: 
    select
        tc1_0.id,
        tc1_0.descripcion,
        tc1_0.estado,
        tc1_0.nombre,
        tc1_0.origen 
    from
        tipos_cuenta_t tc1_0 
    where
        tc1_0.id=?
Hibernate: 
    select
        cc1_0.id,
        cc1_0.balance,
        cc1_0.codigo,
        cc1_0.cuenta_mayor_id,
        cc1_0.descripcion,
        cc1_0.estado,
        cc1_0.nivel,
        cc1_0.nombre,
        cc1_0.permite_movimiento,
        cc1_0.tipo_id 
    from
        cuentas_contables_t cc1_0
Hibernate: 
    select
        tc1_0.id,
        tc1_0.descripcion,
        tc1_0.estado,
        tc1_0.nombre,
        tc1_0.origen 
    from
        tipos_cuenta_t tc1_0 
    where
        tc1_0.id=?
Hibernate: 
    insert 
    into
        cuentas_contables_t
        (balance, codigo, cuenta_mayor_id, descripcion, estado, nivel, nombre, permite_movimiento, tipo_id) 
    values
        (?, ?, ?, ?, ?, ?, ?, ?, ?)
Hibernate: 
    select
        cc1_0.id,
        cc1_0.balance,
        cc1_0.codigo,
        cc1_0.cuenta_mayor_id,
        cc1_0.descripcion,
        cc1_0.estado,
        cc1_0.nivel,
        cc1_0.nombre,
        cc1_0.permite_movimiento,
        cc1_0.tipo_id 
    from
        cuentas_contables_t cc1_0
Hibernate: 
    select
        tc1_0.id,
        tc1_0.descripcion,
        tc1_0.estado,
        tc1_0.nombre,
        tc1_0.origen 
    from
        tipos_cuenta_t tc1_0 
    where
        tc1_0.id=?
Hibernate: 
    select
        cc1_0.id,
        cc1_0.balance,
        cc1_0.codigo,
        cm1_0.id,
        cm1_0.balance,
        cm1_0.codigo,
        cm1_0.cuenta_mayor_id,
        cm1_0.descripcion,
        cm1_0.estado,
        cm1_0.nivel,
        cm1_0.nombre,
        cm1_0.permite_movimiento,
        t1_0.id,
        t1_0.descripcion,
        t1_0.estado,
        t1_0.nombre,
        t1_0.origen,
        cc1_0.descripcion,
        cc1_0.estado,
        cc1_0.nivel,
        cc1_0.nombre,
        cc1_0.permite_movimiento,
        t2_0.id,
        t2_0.descripcion,
        t2_0.estado,
        t2_0.nombre,
        t2_0.origen 
    from
        cuentas_contables_t cc1_0 
    left join
        cuentas_contables_t cm1_0 
            on cm1_0.id=cc1_0.cuenta_mayor_id 
    left join
        tipos_cuenta_t t1_0 
            on t1_0.id=cm1_0.tipo_id 
    left join
        tipos_cuenta_t t2_0 
            on t2_0.id=cc1_0.tipo_id 
    where
        cc1_0.id=?
Hibernate: 
    update
        cuentas_contables_t 
    set
        balance=?,
        codigo=?,
        cuenta_mayor_id=?,
        descripcion=?,
        estado=?,
        nivel=?,
        nombre=?,
        permite_movimiento=?,
        tipo_id=? 
    where
        id=?
Hibernate: 
    select
        cc1_0.id,
        cc1_0.balance,
        cc1_0.codigo,
        cm1_0.id,
        cm1_0.balance,
        cm1_0.codigo,
        cm1_0.cuenta_mayor_id,
        cm1_0.descripcion,
        cm1_0.estado,
        cm1_0.nivel,
        cm1_0.nombre,
        cm1_0.permite_movimiento,
        t1_0.id,
        t1_0.descripcion,
        t1_0.estado,
        t1_0.nombre,
        t1_0.origen,
        cc1_0.descripcion,
        cc1_0.estado,
        cc1_0.nivel,
        cc1_0.nombre,
        cc1_0.permite_movimiento,
        t2_0.id,
        t2_0.descripcion,
        t2_0.estado,
        t2_0.nombre,
        t2_0.origen 
    from
        cuentas_contables_t cc1_0 
    left join
        cuentas_contables_t cm1_0 
            on cm1_0.id=cc1_0.cuenta_mayor_id 
    left join
        tipos_cuenta_t t1_0 
            on t1_0.id=cm1_0.tipo_id 
    left join
        tipos_cuenta_t t2_0 
            on t2_0.id=cc1_0.tipo_id 
    where
        cc1_0.id=?
Hibernate: 
    delete 
    from
        cuentas_contables_t 
    where
        id=?
Hibernate: 
    select
        a1_0.id,
        a1_0.auxiliar_id,
        a1_0.descripcion,
        a1_0.estado,
        a1_0.fecha_asiento,
        a1_0.monto_total 
    from
        asientos_t a1_0
Hibernate: 
    select
        d1_0.asiento_id,
        d1_0.id,
        d1_0.cuenta_id,
        c1_0.id,
        c1_0.balance,
        c1_0.codigo,
        cm1_0.id,
        cm1_0.balance,
        cm1_0.codigo,
        cm1_0.cuenta_mayor_id,
        cm1_0.descripcion,
        cm1_0.estado,
        cm1_0.nivel,
        cm1_0.nombre,
        cm1_0.permite_movimiento,
        t1_0.id,
        t1_0.descripcion,
        t1_0.estado,
        t1_0.nombre,
        t1_0.origen,
        c1_0.descripcion,
        c1_0.estado,
        c1_0.nivel,
        c1_0.nombre,
        c1_0.permite_movimiento,
        t2_0.id,
        t2_0.descripcion,
        t2_0.estado,
        t2_0.nombre,
        t2_0.origen,
        d1_0.monto,
        d1_0.tipo_movimiento 
    from
        asientos_detalle_t d1_0 
    left join
        cuentas_contables_t c1_0 
            on c1_0.id=d1_0.cuenta_id 
    left join
        cuentas_contables_t cm1_0 
            on cm1_0.id=c1_0.cuenta_mayor_id 
    left join
        tipos_cuenta_t t1_0 
            on t1_0.id=cm1_0.tipo_id 
    left join
        tipos_cuenta_t t2_0 
            on t2_0.id=c1_0.tipo_id 
    where
        d1_0.asiento_id=?
Hibernate: 
    select
        cc1_0.id,
        cc1_0.balance,
        cc1_0.codigo,
        cc1_0.cuenta_mayor_id,
        cc1_0.descripcion,
        cc1_0.estado,
        cc1_0.nivel,
        cc1_0.nombre,
        cc1_0.permite_movimiento,
        cc1_0.tipo_id 
    from
        cuentas_contables_t cc1_0
Hibernate: 
    select
        tc1_0.id,
        tc1_0.descripcion,
        tc1_0.estado,
        tc1_0.nombre,
        tc1_0.origen 
    from
        tipos_cuenta_t tc1_0 
    where
        tc1_0.id=?
Hibernate: 
    select
        a1_0.id,
        a1_0.auxiliar_id,
        a1_0.descripcion,
        a1_0.estado,
        a1_0.fecha_asiento,
        a1_0.monto_total 
    from
        asientos_t a1_0
Hibernate: 
    select
        d1_0.asiento_id,
        d1_0.id,
        d1_0.cuenta_id,
        c1_0.id,
        c1_0.balance,
        c1_0.codigo,
        cm1_0.id,
        cm1_0.balance,
        cm1_0.codigo,
        cm1_0.cuenta_mayor_id,
        cm1_0.descripcion,
        cm1_0.estado,
        cm1_0.nivel,
        cm1_0.nombre,
        cm1_0.permite_movimiento,
        t1_0.id,
        t1_0.descripcion,
        t1_0.estado,
        t1_0.nombre,
        t1_0.origen,
        c1_0.descripcion,
        c1_0.estado,
        c1_0.nivel,
        c1_0.nombre,
        c1_0.permite_movimiento,
        t2_0.id,
        t2_0.descripcion,
        t2_0.estado,
        t2_0.nombre,
        t2_0.origen,
        d1_0.monto,
        d1_0.tipo_movimiento 
    from
        asientos_detalle_t d1_0 
    left join
        cuentas_contables_t c1_0 
            on c1_0.id=d1_0.cuenta_id 
    left join
        cuentas_contables_t cm1_0 
            on cm1_0.id=c1_0.cuenta_mayor_id 
    left join
        tipos_cuenta_t t1_0 
            on t1_0.id=cm1_0.tipo_id 
    left join
        tipos_cuenta_t t2_0 
            on t2_0.id=c1_0.tipo_id 
    where
        d1_0.asiento_id=?
Hibernate: 
    select
        cc1_0.id,
        cc1_0.balance,
        cc1_0.codigo,
        cc1_0.cuenta_mayor_id,
        cc1_0.descripcion,
        cc1_0.estado,
        cc1_0.nivel,
        cc1_0.nombre,
        cc1_0.permite_movimiento,
        cc1_0.tipo_id 
    from
        cuentas_contables_t cc1_0
Hibernate: 
    select
        tc1_0.id,
        tc1_0.descripcion,
        tc1_0.estado,
        tc1_0.nombre,
        tc1_0.origen 
    from
        tipos_cuenta_t tc1_0 
    where
        tc1_0.id=?
Hibernate: 
    select
        cc1_0.id,
        cc1_0.balance,
        cc1_0.codigo,
        cc1_0.cuenta_mayor_id,
        cc1_0.descripcion,
        cc1_0.estado,
        cc1_0.nivel,
        cc1_0.nombre,
        cc1_0.permite_movimiento,
        cc1_0.tipo_id 
    from
        cuentas_contables_t cc1_0
Hibernate: 
    select
        tc1_0.id,
        tc1_0.descripcion,
        tc1_0.estado,
        tc1_0.nombre,
        tc1_0.origen 
    from
        tipos_cuenta_t tc1_0 
    where
        tc1_0.id=?
Hibernate: 
    select
        a1_0.id,
        a1_0.auxiliar_id,
        a1_0.descripcion,
        a1_0.estado,
        a1_0.fecha_asiento,
        a1_0.monto_total 
    from
        asientos_t a1_0
Hibernate: 
    select
        d1_0.asiento_id,
        d1_0.id,
        d1_0.cuenta_id,
        c1_0.id,
        c1_0.balance,
        c1_0.codigo,
        cm1_0.id,
        cm1_0.balance,
        cm1_0.codigo,
        cm1_0.cuenta_mayor_id,
        cm1_0.descripcion,
        cm1_0.estado,
        cm1_0.nivel,
        cm1_0.nombre,
        cm1_0.permite_movimiento,
        t1_0.id,
        t1_0.descripcion,
        t1_0.estado,
        t1_0.nombre,
        t1_0.origen,
        c1_0.descripcion,
        c1_0.estado,
        c1_0.nivel,
        c1_0.nombre,
        c1_0.permite_movimiento,
        t2_0.id,
        t2_0.descripcion,
        t2_0.estado,
        t2_0.nombre,
        t2_0.origen,
        d1_0.monto,
        d1_0.tipo_movimiento 
    from
        asientos_detalle_t d1_0 
    left join
        cuentas_contables_t c1_0 
            on c1_0.id=d1_0.cuenta_id 
    left join
        cuentas_contables_t cm1_0 
            on cm1_0.id=c1_0.cuenta_mayor_id 
    left join
        tipos_cuenta_t t1_0 
            on t1_0.id=cm1_0.tipo_id 
    left join
        tipos_cuenta_t t2_0 
            on t2_0.id=c1_0.tipo_id 
    where
        d1_0.asiento_id=?
Hibernate: 
    select
        cc1_0.id,
        cc1_0.balance,
        cc1_0.codigo,
        cc1_0.cuenta_mayor_id,
        cc1_0.descripcion,
        cc1_0.estado,
        cc1_0.nivel,
        cc1_0.nombre,
        cc1_0.permite_movimiento,
        cc1_0.tipo_id 
    from
        cuentas_contables_t cc1_0
Hibernate: 
    select
        tc1_0.id,
        tc1_0.descripcion,
        tc1_0.estado,
        tc1_0.nombre,
        tc1_0.origen 
    from
        tipos_cuenta_t tc1_0 
    where
        tc1_0.id=?
Hibernate: 
    select
        a1_0.id,
        a1_0.auxiliar_id,
        a1_0.descripcion,
        a1_0.estado,
        a1_0.fecha_asiento,
        a1_0.monto_total 
    from
        asientos_t a1_0
Hibernate: 
    select
        d1_0.asiento_id,
        d1_0.id,
        d1_0.cuenta_id,
        c1_0.id,
        c1_0.balance,
        c1_0.codigo,
        cm1_0.id,
        cm1_0.balance,
        cm1_0.codigo,
        cm1_0.cuenta_mayor_id,
        cm1_0.descripcion,
        cm1_0.estado,
        cm1_0.nivel,
        cm1_0.nombre,
        cm1_0.permite_movimiento,
        t1_0.id,
        t1_0.descripcion,
        t1_0.estado,
        t1_0.nombre,
        t1_0.origen,
        c1_0.descripcion,
        c1_0.estado,
        c1_0.nivel,
        c1_0.nombre,
        c1_0.permite_movimiento,
        t2_0.id,
        t2_0.descripcion,
        t2_0.estado,
        t2_0.nombre,
        t2_0.origen,
        d1_0.monto,
        d1_0.tipo_movimiento 
    from
        asientos_detalle_t d1_0 
    left join
        cuentas_contables_t c1_0 
            on c1_0.id=d1_0.cuenta_id 
    left join
        cuentas_contables_t cm1_0 
            on cm1_0.id=c1_0.cuenta_mayor_id 
    left join
        tipos_cuenta_t t1_0 
            on t1_0.id=cm1_0.tipo_id 
    left join
        tipos_cuenta_t t2_0 
            on t2_0.id=c1_0.tipo_id 
    where
        d1_0.asiento_id=?
Hibernate: 
    select
        cc1_0.id,
        cc1_0.balance,
        cc1_0.codigo,
        cc1_0.cuenta_mayor_id,
        cc1_0.descripcion,
        cc1_0.estado,
        cc1_0.nivel,
        cc1_0.nombre,
        cc1_0.permite_movimiento,
        cc1_0.tipo_id 
    from
        cuentas_contables_t cc1_0
Hibernate: 
    select
        a1_0.id,
        a1_0.auxiliar_id,
        a1_0.descripcion,
        a1_0.estado,
        a1_0.fecha_asiento,
        a1_0.monto_total 
    from
        asientos_t a1_0
Hibernate: 
    select
        tc1_0.id,
        tc1_0.descripcion,
        tc1_0.estado,
        tc1_0.nombre,
        tc1_0.origen 
    from
        tipos_cuenta_t tc1_0 
    where
        tc1_0.id=?
Hibernate: 
    select
        d1_0.asiento_id,
        d1_0.id,
        d1_0.cuenta_id,
        c1_0.id,
        c1_0.balance,
        c1_0.codigo,
        cm1_0.id,
        cm1_0.balance,
        cm1_0.codigo,
        cm1_0.cuenta_mayor_id,
        cm1_0.descripcion,
        cm1_0.estado,
        cm1_0.nivel,
        cm1_0.nombre,
        cm1_0.permite_movimiento,
        t1_0.id,
        t1_0.descripcion,
        t1_0.estado,
        t1_0.nombre,
        t1_0.origen,
        c1_0.descripcion,
        c1_0.estado,
        c1_0.nivel,
        c1_0.nombre,
        c1_0.permite_movimiento,
        t2_0.id,
        t2_0.descripcion,
        t2_0.estado,
        t2_0.nombre,
        t2_0.origen,
        d1_0.monto,
        d1_0.tipo_movimiento 
    from
        asientos_detalle_t d1_0 
    left join
        cuentas_contables_t c1_0 
            on c1_0.id=d1_0.cuenta_id 
    left join
        cuentas_contables_t cm1_0 
            on cm1_0.id=c1_0.cuenta_mayor_id 
    left join
        tipos_cuenta_t t1_0 
            on t1_0.id=cm1_0.tipo_id 
    left join
        tipos_cuenta_t t2_0 
            on t2_0.id=c1_0.tipo_id 
    where
        d1_0.asiento_id=?
Hibernate: 
    select
        a1_0.id,
        a1_0.auxiliar_id,
        a1_0.descripcion,
        a1_0.estado,
        a1_0.fecha_asiento,
        a1_0.monto_total 
    from
        asientos_t a1_0
Hibernate: 
    select
        cc1_0.id,
        cc1_0.balance,
        cc1_0.codigo,
        cc1_0.cuenta_mayor_id,
        cc1_0.descripcion,
        cc1_0.estado,
        cc1_0.nivel,
        cc1_0.nombre,
        cc1_0.permite_movimiento,
        cc1_0.tipo_id 
    from
        cuentas_contables_t cc1_0
Hibernate: 
    select
        tc1_0.id,
        tc1_0.descripcion,
        tc1_0.estado,
        tc1_0.nombre,
        tc1_0.origen 
    from
        tipos_cuenta_t tc1_0 
    where
        tc1_0.id=?
Hibernate: 
    select
        d1_0.asiento_id,
        d1_0.id,
        d1_0.cuenta_id,
        c1_0.id,
        c1_0.balance,
        c1_0.codigo,
        cm1_0.id,
        cm1_0.balance,
        cm1_0.codigo,
        cm1_0.cuenta_mayor_id,
        cm1_0.descripcion,
        cm1_0.estado,
        cm1_0.nivel,
        cm1_0.nombre,
        cm1_0.permite_movimiento,
        t1_0.id,
        t1_0.descripcion,
        t1_0.estado,
        t1_0.nombre,
        t1_0.origen,
        c1_0.descripcion,
        c1_0.estado,
        c1_0.nivel,
        c1_0.nombre,
        c1_0.permite_movimiento,
        t2_0.id,
        t2_0.descripcion,
        t2_0.estado,
        t2_0.nombre,
        t2_0.origen,
        d1_0.monto,
        d1_0.tipo_movimiento 
    from
        asientos_detalle_t d1_0 
    left join
        cuentas_contables_t c1_0 
            on c1_0.id=d1_0.cuenta_id 
    left join
        cuentas_contables_t cm1_0 
            on cm1_0.id=c1_0.cuenta_mayor_id 
    left join
        tipos_cuenta_t t1_0 
            on t1_0.id=cm1_0.tipo_id 
    left join
        tipos_cuenta_t t2_0 
            on t2_0.id=c1_0.tipo_id 
    where
        d1_0.asiento_id=?
Hibernate: 
    select
        a1_0.id,
        a1_0.auxiliar_id,
        a1_0.descripcion,
        a1_0.estado,
        a1_0.fecha_asiento,
        a1_0.monto_total 
    from
        asientos_t a1_0
Hibernate: 
    select
        d1_0.asiento_id,
        d1_0.id,
        d1_0.cuenta_id,
        c1_0.id,
        c1_0.balance,
        c1_0.codigo,
        cm1_0.id,
        cm1_0.balance,
        cm1_0.codigo,
        cm1_0.cuenta_mayor_id,
        cm1_0.descripcion,
        cm1_0.estado,
        cm1_0.nivel,
        cm1_0.nombre,
        cm1_0.permite_movimiento,
        t1_0.id,
        t1_0.descripcion,
        t1_0.estado,
        t1_0.nombre,
        t1_0.origen,
        c1_0.descripcion,
        c1_0.estado,
        c1_0.nivel,
        c1_0.nombre,
        c1_0.permite_movimiento,
        t2_0.id,
        t2_0.descripcion,
        t2_0.estado,
        t2_0.nombre,
        t2_0.origen,
        d1_0.monto,
        d1_0.tipo_movimiento 
    from
        asientos_detalle_t d1_0 
    left join
        cuentas_contables_t c1_0 
            on c1_0.id=d1_0.cuenta_id 
    left join
        cuentas_contables_t cm1_0 
            on cm1_0.id=c1_0.cuenta_mayor_id 
    left join
        tipos_cuenta_t t1_0 
            on t1_0.id=cm1_0.tipo_id 
    left join
        tipos_cuenta_t t2_0 
            on t2_0.id=c1_0.tipo_id 
    where
        d1_0.asiento_id=?
Hibernate: 
    select
        cc1_0.id,
        cc1_0.balance,
        cc1_0.codigo,
        cc1_0.cuenta_mayor_id,
        cc1_0.descripcion,
        cc1_0.estado,
        cc1_0.nivel,
        cc1_0.nombre,
        cc1_0.permite_movimiento,
        cc1_0.tipo_id 
    from
        cuentas_contables_t cc1_0
Hibernate: 
    select
        tc1_0.id,
        tc1_0.descripcion,
        tc1_0.estado,
        tc1_0.nombre,
        tc1_0.origen 
    from
        tipos_cuenta_t tc1_0 
    where
        tc1_0.id=?
Hibernate: 
    select
        a1_0.id,
        a1_0.auxiliar_id,
        a1_0.descripcion,
        a1_0.estado,
        a1_0.fecha_asiento,
        a1_0.monto_total 
    from
        asientos_t a1_0
Hibernate: 
    select
        d1_0.asiento_id,
        d1_0.id,
        d1_0.cuenta_id,
        c1_0.id,
        c1_0.balance,
        c1_0.codigo,
        cm1_0.id,
        cm1_0.balance,
        cm1_0.codigo,
        cm1_0.cuenta_mayor_id,
        cm1_0.descripcion,
        cm1_0.estado,
        cm1_0.nivel,
        cm1_0.nombre,
        cm1_0.permite_movimiento,
        t1_0.id,
        t1_0.descripcion,
        t1_0.estado,
        t1_0.nombre,
        t1_0.origen,
        c1_0.descripcion,
        c1_0.estado,
        c1_0.nivel,
        c1_0.nombre,
        c1_0.permite_movimiento,
        t2_0.id,
        t2_0.descripcion,
        t2_0.estado,
        t2_0.nombre,
        t2_0.origen,
        d1_0.monto,
        d1_0.tipo_movimiento 
    from
        asientos_detalle_t d1_0 
    left join
        cuentas_contables_t c1_0 
            on c1_0.id=d1_0.cuenta_id 
    left join
        cuentas_contables_t cm1_0 
            on cm1_0.id=c1_0.cuenta_mayor_id 
    left join
        tipos_cuenta_t t1_0 
            on t1_0.id=cm1_0.tipo_id 
    left join
        tipos_cuenta_t t2_0 
            on t2_0.id=c1_0.tipo_id 
    where
        d1_0.asiento_id=?
Hibernate: 
    select
        cc1_0.id,
        cc1_0.balance,
        cc1_0.codigo,
        cc1_0.cuenta_mayor_id,
        cc1_0.descripcion,
        cc1_0.estado,
        cc1_0.nivel,
        cc1_0.nombre,
        cc1_0.permite_movimiento,
        cc1_0.tipo_id 
    from
        cuentas_contables_t cc1_0
Hibernate: 
    select
        tc1_0.id,
        tc1_0.descripcion,
        tc1_0.estado,
        tc1_0.nombre,
        tc1_0.origen 
    from
        tipos_cuenta_t tc1_0 
    where
        tc1_0.id=?
Hibernate: 
    select
        cc1_0.id,
        cc1_0.balance,
        cc1_0.codigo,
        cc1_0.cuenta_mayor_id,
        cc1_0.descripcion,
        cc1_0.estado,
        cc1_0.nivel,
        cc1_0.nombre,
        cc1_0.permite_movimiento,
        cc1_0.tipo_id 
    from
        cuentas_contables_t cc1_0
Hibernate: 
    select
        tc1_0.id,
        tc1_0.descripcion,
        tc1_0.estado,
        tc1_0.nombre,
        tc1_0.origen 
    from
        tipos_cuenta_t tc1_0 
    where
        tc1_0.id=?
Hibernate: 
    select
        cc1_0.id,
        cc1_0.balance,
        cc1_0.codigo,
        cc1_0.cuenta_mayor_id,
        cc1_0.descripcion,
        cc1_0.estado,
        cc1_0.nivel,
        cc1_0.nombre,
        cc1_0.permite_movimiento,
        cc1_0.tipo_id 
    from
        cuentas_contables_t cc1_0
Hibernate: 
    select
        tc1_0.id,
        tc1_0.descripcion,
        tc1_0.estado,
        tc1_0.nombre,
        tc1_0.origen 
    from
        tipos_cuenta_t tc1_0 
    where
        tc1_0.id=?
Hibernate: 
    select
        tc1_0.id,
        tc1_0.descripcion,
        tc1_0.estado,
        tc1_0.nombre,
        tc1_0.origen 
    from
        tipos_cuenta_t tc1_0
Hibernate: 
    select
        tc1_0.id,
        tc1_0.descripcion,
        tc1_0.estado,
        tc1_0.nombre,
        tc1_0.origen 
    from
        tipos_cuenta_t tc1_0
Hibernate: 
    select
        a1_0.id,
        a1_0.descripcion,
        a1_0.estado,
        a1_0.nombre 
    from
        auxiliares_t a1_0
Hibernate: 
    select
        a1_0.id,
        a1_0.descripcion,
        a1_0.estado,
        a1_0.nombre 
    from
        auxiliares_t a1_0
Hibernate: 
    select
        m1_0.id,
        m1_0.codigo_iso,
        m1_0.descripcion,
        m1_0.estado,
        m1_0.fecha_creacion,
        m1_0.nombre,
        m1_0.tasa_cambio 
    from
        monedas_t m1_0
Hibernate: 
    select
        m1_0.id,
        m1_0.codigo_iso,
        m1_0.descripcion,
        m1_0.estado,
        m1_0.fecha_creacion,
        m1_0.nombre,
        m1_0.tasa_cambio 
    from
        monedas_t m1_0
Hibernate: 
    select
        m1_0.id,
        m1_0.codigo_iso,
        m1_0.descripcion,
        m1_0.estado,
        m1_0.fecha_creacion,
        m1_0.nombre,
        m1_0.tasa_cambio 
    from
        monedas_t m1_0
Hibernate: 
    select
        m1_0.id,
        m1_0.codigo_iso,
        m1_0.descripcion,
        m1_0.estado,
        m1_0.fecha_creacion,
        m1_0.nombre,
        m1_0.tasa_cambio 
    from
        monedas_t m1_0
Hibernate: 
    select
        a1_0.id,
        a1_0.descripcion,
        a1_0.estado,
        a1_0.nombre 
    from
        auxiliares_t a1_0
Hibernate: 
    select
        a1_0.id,
        a1_0.descripcion,
        a1_0.estado,
        a1_0.nombre 
    from
        auxiliares_t a1_0
Hibernate: 
    select
        tc1_0.id,
        tc1_0.descripcion,
        tc1_0.estado,
        tc1_0.nombre,
        tc1_0.origen 
    from
        tipos_cuenta_t tc1_0
Hibernate: 
    select
        tc1_0.id,
        tc1_0.descripcion,
        tc1_0.estado,
        tc1_0.nombre,
        tc1_0.origen 
    from
        tipos_cuenta_t tc1_0
Hibernate: 
    select
        cc1_0.id,
        cc1_0.balance,
        cc1_0.codigo,
        cc1_0.cuenta_mayor_id,
        cc1_0.descripcion,
        cc1_0.estado,
        cc1_0.nivel,
        cc1_0.nombre,
        cc1_0.permite_movimiento,
        cc1_0.tipo_id 
    from
        cuentas_contables_t cc1_0
Hibernate: 
    select
        tc1_0.id,
        tc1_0.descripcion,
        tc1_0.estado,
        tc1_0.nombre,
        tc1_0.origen 
    from
        tipos_cuenta_t tc1_0 
    where
        tc1_0.id=?
Hibernate: 
    select
        cc1_0.id,
        cc1_0.balance,
        cc1_0.codigo,
        cc1_0.cuenta_mayor_id,
        cc1_0.descripcion,
        cc1_0.estado,
        cc1_0.nivel,
        cc1_0.nombre,
        cc1_0.permite_movimiento,
        cc1_0.tipo_id 
    from
        cuentas_contables_t cc1_0
Hibernate: 
    select
        tc1_0.id,
        tc1_0.descripcion,
        tc1_0.estado,
        tc1_0.nombre,
        tc1_0.origen 
    from
        tipos_cuenta_t tc1_0 
    where
        tc1_0.id=?
Hibernate: 
    select
        a1_0.id,
        a1_0.auxiliar_id,
        a1_0.descripcion,
        a1_0.estado,
        a1_0.fecha_asiento,
        a1_0.monto_total 
    from
        asientos_t a1_0
Hibernate: 
    select
        d1_0.asiento_id,
        d1_0.id,
        d1_0.cuenta_id,
        c1_0.id,
        c1_0.balance,
        c1_0.codigo,
        cm1_0.id,
        cm1_0.balance,
        cm1_0.codigo,
        cm1_0.cuenta_mayor_id,
        cm1_0.descripcion,
        cm1_0.estado,
        cm1_0.nivel,
        cm1_0.nombre,
        cm1_0.permite_movimiento,
        t1_0.id,
        t1_0.descripcion,
        t1_0.estado,
        t1_0.nombre,
        t1_0.origen,
        c1_0.descripcion,
        c1_0.estado,
        c1_0.nivel,
        c1_0.nombre,
        c1_0.permite_movimiento,
        t2_0.id,
        t2_0.descripcion,
        t2_0.estado,
        t2_0.nombre,
        t2_0.origen,
        d1_0.monto,
        d1_0.tipo_movimiento 
    from
        asientos_detalle_t d1_0 
    left join
        cuentas_contables_t c1_0 
            on c1_0.id=d1_0.cuenta_id 
    left join
        cuentas_contables_t cm1_0 
            on cm1_0.id=c1_0.cuenta_mayor_id 
    left join
        tipos_cuenta_t t1_0 
            on t1_0.id=cm1_0.tipo_id 
    left join
        tipos_cuenta_t t2_0 
            on t2_0.id=c1_0.tipo_id 
    where
        d1_0.asiento_id=?
Hibernate: 
    select
        cc1_0.id,
        cc1_0.balance,
        cc1_0.codigo,
        cc1_0.cuenta_mayor_id,
        cc1_0.descripcion,
        cc1_0.estado,
        cc1_0.nivel,
        cc1_0.nombre,
        cc1_0.permite_movimiento,
        cc1_0.tipo_id 
    from
        cuentas_contables_t cc1_0
Hibernate: 
    select
        tc1_0.id,
        tc1_0.descripcion,
        tc1_0.estado,
        tc1_0.nombre,
        tc1_0.origen 
    from
        tipos_cuenta_t tc1_0 
    where
        tc1_0.id=?
Hibernate: 
    select
        a1_0.id,
        a1_0.auxiliar_id,
        a1_0.descripcion,
        a1_0.estado,
        a1_0.fecha_asiento,
        a1_0.monto_total 
    from
        asientos_t a1_0
Hibernate: 
    select
        d1_0.asiento_id,
        d1_0.id,
        d1_0.cuenta_id,
        c1_0.id,
        c1_0.balance,
        c1_0.codigo,
        cm1_0.id,
        cm1_0.balance,
        cm1_0.codigo,
        cm1_0.cuenta_mayor_id,
        cm1_0.descripcion,
        cm1_0.estado,
        cm1_0.nivel,
        cm1_0.nombre,
        cm1_0.permite_movimiento,
        t1_0.id,
        t1_0.descripcion,
        t1_0.estado,
        t1_0.nombre,
        t1_0.origen,
        c1_0.descripcion,
        c1_0.estado,
        c1_0.nivel,
        c1_0.nombre,
        c1_0.permite_movimiento,
        t2_0.id,
        t2_0.descripcion,
        t2_0.estado,
        t2_0.nombre,
        t2_0.origen,
        d1_0.monto,
        d1_0.tipo_movimiento 
    from
        asientos_detalle_t d1_0 
    left join
        cuentas_contables_t c1_0 
            on c1_0.id=d1_0.cuenta_id 
    left join
        cuentas_contables_t cm1_0 
            on cm1_0.id=c1_0.cuenta_mayor_id 
    left join
        tipos_cuenta_t t1_0 
            on t1_0.id=cm1_0.tipo_id 
    left join
        tipos_cuenta_t t2_0 
            on t2_0.id=c1_0.tipo_id 
    where
        d1_0.asiento_id=?
Hibernate: 
    select
        cc1_0.id,
        cc1_0.balance,
        cc1_0.codigo,
        cc1_0.cuenta_mayor_id,
        cc1_0.descripcion,
        cc1_0.estado,
        cc1_0.nivel,
        cc1_0.nombre,
        cc1_0.permite_movimiento,
        cc1_0.tipo_id 
    from
        cuentas_contables_t cc1_0
Hibernate: 
    select
        tc1_0.id,
        tc1_0.descripcion,
        tc1_0.estado,
        tc1_0.nombre,
        tc1_0.origen 
    from
        tipos_cuenta_t tc1_0 
    where
        tc1_0.id=?
Hibernate: 
    select
        a1_0.id,
        a1_0.auxiliar_id,
        a1_0.descripcion,
        a1_0.estado,
        a1_0.fecha_asiento,
        a1_0.monto_total 
    from
        asientos_t a1_0
Hibernate: 
    select
        cc1_0.id,
        cc1_0.balance,
        cc1_0.codigo,
        cc1_0.cuenta_mayor_id,
        cc1_0.descripcion,
        cc1_0.estado,
        cc1_0.nivel,
        cc1_0.nombre,
        cc1_0.permite_movimiento,
        cc1_0.tipo_id 
    from
        cuentas_contables_t cc1_0
Hibernate: 
    select
        tc1_0.id,
        tc1_0.descripcion,
        tc1_0.estado,
        tc1_0.nombre,
        tc1_0.origen 
    from
        tipos_cuenta_t tc1_0 
    where
        tc1_0.id=?
Hibernate: 
    select
        d1_0.asiento_id,
        d1_0.id,
        d1_0.cuenta_id,
        c1_0.id,
        c1_0.balance,
        c1_0.codigo,
        cm1_0.id,
        cm1_0.balance,
        cm1_0.codigo,
        cm1_0.cuenta_mayor_id,
        cm1_0.descripcion,
        cm1_0.estado,
        cm1_0.nivel,
        cm1_0.nombre,
        cm1_0.permite_movimiento,
        t1_0.id,
        t1_0.descripcion,
        t1_0.estado,
        t1_0.nombre,
        t1_0.origen,
        c1_0.descripcion,
        c1_0.estado,
        c1_0.nivel,
        c1_0.nombre,
        c1_0.permite_movimiento,
        t2_0.id,
        t2_0.descripcion,
        t2_0.estado,
        t2_0.nombre,
        t2_0.origen,
        d1_0.monto,
        d1_0.tipo_movimiento 
    from
        asientos_detalle_t d1_0 
    left join
        cuentas_contables_t c1_0 
            on c1_0.id=d1_0.cuenta_id 
    left join
        cuentas_contables_t cm1_0 
            on cm1_0.id=c1_0.cuenta_mayor_id 
    left join
        tipos_cuenta_t t1_0 
            on t1_0.id=cm1_0.tipo_id 
    left join
        tipos_cuenta_t t2_0 
            on t2_0.id=c1_0.tipo_id 
    where
        d1_0.asiento_id=?
Hibernate: 
    select
        m1_0.id,
        m1_0.codigo_iso,
        m1_0.descripcion,
        m1_0.estado,
        m1_0.fecha_creacion,
        m1_0.nombre,
        m1_0.tasa_cambio 
    from
        monedas_t m1_0
Hibernate: 
    select
        m1_0.id,
        m1_0.codigo_iso,
        m1_0.descripcion,
        m1_0.estado,
        m1_0.fecha_creacion,
        m1_0.nombre,
        m1_0.tasa_cambio 
    from
        monedas_t m1_0
Hibernate: 
    select
        m1_0.id,
        m1_0.codigo_iso,
        m1_0.descripcion,
        m1_0.estado,
        m1_0.fecha_creacion,
        m1_0.nombre,
        m1_0.tasa_cambio 
    from
        monedas_t m1_0 
    where
        m1_0.id=?
Hibernate: 
    delete 
    from
        monedas_t 
    where
        id=?
